<?xml version="1.0" encoding="UTF-8"?>
<!-- Generated by org.testng.reporters.JUnitReportReporter -->
<testsuite hostname="alonso" failures="0" tests="11" name="finalexam.BlockudokuTest" time="0.022" errors="0" timestamp="2020-12-23T13:37:33 PET" skipped="0">
  <testcase classname="finalexam.BlockudokuTest" name="testInsertH" time="0.000"/>
  <testcase classname="finalexam.BlockudokuTest" name="testInsertB" time="0.000"/>
  <testcase classname="finalexam.BlockudokuTest" name="testInsertC" time="0.000"/>
  <testcase classname="finalexam.BlockudokuTest" name="testInsertD" time="0.000"/>
  <testcase classname="finalexam.BlockudokuTest" name="testInsertG" time="0.000"/>
  <testcase classname="finalexam.BlockudokuTest" name="testInsertF" time="0.000"/>
  <testcase classname="finalexam.BlockudokuTest" name="testCheck1" time="0.022"/>
  <testcase classname="finalexam.BlockudokuTest" name="testCheck2" time="0.000"/>
  <testcase classname="finalexam.BlockudokuTest" name="testInsertE" time="0.000"/>
  <testcase classname="finalexam.BlockudokuTest" name="testInsertA" time="0.000"/>
  <testcase classname="finalexam.BlockudokuTest" name="testgenerateboard" time="0.000"/>
</testsuite> <!-- finalexam.BlockudokuTest -->
