<?xml version="1.0" encoding="UTF-8"?>
<!-- Generated by org.testng.reporters.JUnitReportReporter -->
<testsuite hostname="alonso" failures="0" tests="4" name="finalexam.BlockudokuTest" time="0.023" errors="0" timestamp="2020-12-23T13:18:33 PET" skipped="0">
  <testcase classname="finalexam.BlockudokuTest" name="testInsertA" time="0.001"/>
  <testcase classname="finalexam.BlockudokuTest" name="testCheck2" time="0.000"/>
  <testcase classname="finalexam.BlockudokuTest" name="testgenerateboard" time="0.000"/>
  <testcase classname="finalexam.BlockudokuTest" name="testCheck1" time="0.022"/>
</testsuite> <!-- finalexam.BlockudokuTest -->
