<?xml version="1.0" encoding="UTF-8"?>
<!-- Generated by org.testng.reporters.JUnitReportReporter -->
<testsuite hostname="alonso" failures="0" tests="4" name="BlockudokuTest" time="0.022" errors="0" timestamp="2020-12-23T11:58:47 PET" skipped="0">
  <testcase classname="BlockudokuTest" name="testCheck2" time="0.000"/>
  <testcase classname="BlockudokuTest" name="testCheck1" time="0.022"/>
  <testcase classname="BlockudokuTest" name="testInsertA" time="0.000"/>
  <testcase classname="BlockudokuTest" name="testgenerateboard" time="0.000"/>
</testsuite> <!-- BlockudokuTest -->
